app/build/intermediates/manifest_merge_blame_file/debug/manifest-merger-blame-debug-report.txt
1<?xml version="1.0" encoding="utf-8"?>
2<manifest xmlns:android="http://schemas.android.com/apk/res/android"
3    package="com.heklai.mercallery_pro"
4    android:versionCode="1"
5    android:versionName="1.0" >
6
7    <uses-sdk
8        android:minSdkVersion="21"
8-->src\main\AndroidManifest.xml
9        android:targetSdkVersion="30" />
9-->src\main\AndroidManifest.xml
10
11    <uses-permission android:name="android.permission.CHANGE_WIFI_STATE" />
11-->src\main\AndroidManifest.xml:5:5-76
11-->src\main\AndroidManifest.xml:5:22-73
12    <uses-permission android:name="android.permission.INTERNET" />
12-->src\main\AndroidManifest.xml:6:5-67
12-->src\main\AndroidManifest.xml:6:22-64
13
14    <application
14-->src\main\AndroidManifest.xml:8:5-41:19
15        android:allowBackup="true"
15-->src\main\AndroidManifest.xml:9:9-35
16        android:appComponentFactory="androidx.core.app.CoreComponentFactory"
16-->[androidx.core:core:1.3.1] AndroidManifest.xml:24:18-86
17        android:debuggable="true"
18        android:icon="@mipmap/ic_launcher"
18-->src\main\AndroidManifest.xml:10:9-43
19        android:label="@string/app_name"
19-->src\main\AndroidManifest.xml:11:9-41
20        android:roundIcon="@mipmap/ic_launcher_round"
20-->src\main\AndroidManifest.xml:12:9-54
21        android:supportsRtl="true"
21-->src\main\AndroidManifest.xml:13:9-35
22        android:testOnly="true"
23        android:theme="@style/Theme.MercalleryPro" >
23-->src\main\AndroidManifest.xml:14:9-51
24        <activity android:name="com.heklai.mercallery_pro.VerVenta" />
24-->src\main\AndroidManifest.xml:15:9-55
24-->src\main\AndroidManifest.xml:15:19-43
25        <activity android:name="com.heklai.mercallery_pro.VerCliente" />
25-->src\main\AndroidManifest.xml:16:9-48
25-->src\main\AndroidManifest.xml:16:19-45
26        <activity android:name="com.heklai.mercallery_pro.VerObraVenta" />
26-->src\main\AndroidManifest.xml:17:9-50
26-->src\main\AndroidManifest.xml:17:19-47
27        <activity android:name="com.heklai.mercallery_pro.InsertarVenta" />
27-->src\main\AndroidManifest.xml:18:9-51
27-->src\main\AndroidManifest.xml:18:19-48
28        <activity android:name="com.heklai.mercallery_pro.EliminarObra" />
28-->src\main\AndroidManifest.xml:19:9-50
28-->src\main\AndroidManifest.xml:19:19-47
29        <activity android:name="com.heklai.mercallery_pro.EditarObra" />
29-->src\main\AndroidManifest.xml:20:9-48
29-->src\main\AndroidManifest.xml:20:19-45
30        <activity android:name="com.heklai.mercallery_pro.DetallesObra" />
30-->src\main\AndroidManifest.xml:21:9-50
30-->src\main\AndroidManifest.xml:21:19-47
31        <activity android:name="com.heklai.mercallery_pro.VerObra" />
31-->src\main\AndroidManifest.xml:22:9-45
31-->src\main\AndroidManifest.xml:22:19-42
32        <activity android:name="com.heklai.mercallery_pro.AdaptadorObra" />
32-->src\main\AndroidManifest.xml:23:9-51
32-->src\main\AndroidManifest.xml:23:19-48
33        <activity android:name="com.heklai.mercallery_pro.VerArtista" />
33-->src\main\AndroidManifest.xml:24:9-48
33-->src\main\AndroidManifest.xml:24:19-45
34        <activity android:name="com.heklai.mercallery_pro.ActivityVer" />
34-->src\main\AndroidManifest.xml:25:9-49
34-->src\main\AndroidManifest.xml:25:19-46
35        <activity android:name="com.heklai.mercallery_pro.EliminarPersona" />
35-->src\main\AndroidManifest.xml:26:9-53
35-->src\main\AndroidManifest.xml:26:19-50
36        <activity android:name="com.heklai.mercallery_pro.EditarPersona" />
36-->src\main\AndroidManifest.xml:27:9-51
36-->src\main\AndroidManifest.xml:27:19-48
37        <activity android:name="com.heklai.mercallery_pro.DetallesPersona" />
37-->src\main\AndroidManifest.xml:28:9-53
37-->src\main\AndroidManifest.xml:28:19-50
38        <activity android:name="com.heklai.mercallery_pro.VerPersonas" />
38-->src\main\AndroidManifest.xml:29:9-49
38-->src\main\AndroidManifest.xml:29:19-46
39        <activity android:name="com.heklai.mercallery_pro.InsertarObra" />
39-->src\main\AndroidManifest.xml:30:9-50
39-->src\main\AndroidManifest.xml:30:19-47
40        <activity android:name="com.heklai.mercallery_pro.ActivityCrear" />
40-->src\main\AndroidManifest.xml:31:9-51
40-->src\main\AndroidManifest.xml:31:19-48
41        <activity android:name="com.heklai.mercallery_pro.SeleccionActividad" />
41-->src\main\AndroidManifest.xml:32:9-56
41-->src\main\AndroidManifest.xml:32:19-53
42        <activity android:name="com.heklai.mercallery_pro.InsertarPersona" />
42-->src\main\AndroidManifest.xml:33:9-53
42-->src\main\AndroidManifest.xml:33:19-50
43        <activity android:name="com.heklai.mercallery_pro.MainActivity" >
43-->src\main\AndroidManifest.xml:34:9-40:20
43-->src\main\AndroidManifest.xml:34:19-47
44            <intent-filter>
44-->src\main\AndroidManifest.xml:35:13-39:29
45                <action android:name="android.intent.action.MAIN" />
45-->src\main\AndroidManifest.xml:36:17-69
45-->src\main\AndroidManifest.xml:36:25-66
46
47                <category android:name="android.intent.category.LAUNCHER" />
47-->src\main\AndroidManifest.xml:38:17-77
47-->src\main\AndroidManifest.xml:38:27-74
48            </intent-filter>
49        </activity>
50    </application>
51
52</manifest>